[2026-05-14 18:04:20] [INFO] 文本分片: 1个片段
[2026-05-14 18:04:20] [INFO] 规则抽取完成, 获得1个三元组
[2026-05-14 18:04:20] [INFO] 模板抽取完成, 获得1个三元组
[2026-05-14 18:04:20] [INFO] 片段1/1抽取完成, 获得2个三元组
[2026-05-14 18:04:20] [INFO] 多技术融合抽取完成, 去重后共2个三元组, 统计: {'rule': 1, 'template': 1}
[2026-05-14 18:04:20] [INFO] CSV写入完成: D:\python1.0\Knowledge_graph\data\triplets.csv, 共2条记录
[2026-05-14 18:04:20] [INFO] CQL脚本生成完成: D:\python1.0\Knowledge_graph\data\import_cypher.cql, 共2条语句
[2026-05-14 18:05:51] [INFO] 文本分片: 1个片段
[2026-05-14 18:05:51] [INFO] 规则抽取完成, 获得3个三元组
[2026-05-14 18:05:51] [INFO] 模板抽取完成, 获得3个三元组
[2026-05-14 18:05:51] [INFO] 片段1/1抽取完成, 获得6个三元组
[2026-05-14 18:05:51] [INFO] 多技术融合抽取完成, 去重后共6个三元组, 统计: {'rule': 3, 'template': 3}
[2026-05-14 18:05:51] [INFO] CSV写入完成: D:\python1.0\Knowledge_graph\data\triplets.csv, 共6条记录
[2026-05-14 18:43:25] [INFO] 文本分片: 1个片段
[2026-05-14 18:43:25] [INFO] 规则抽取完成, 获得3个三元组
[2026-05-14 18:43:25] [INFO] 模板抽取完成, 获得3个三元组
[2026-05-14 18:43:25] [INFO] 片段1/1抽取完成, 获得3个三元组
[2026-05-14 18:43:25] [INFO] 多技术融合抽取完成, 去重后共3个三元组, 统计: {'rule': 3, 'template': 3}
[2026-05-14 18:43:25] [INFO] CSV写入完成: D:\python1.0\Knowledge_graph\data\triplets.csv, 共3条记录
[2026-05-14 18:45:00] [INFO] 文本分片: 1个片段
[2026-05-14 18:45:00] [INFO] 规则抽取完成, 获得0个三元组
[2026-05-14 18:45:00] [INFO] 模板抽取完成, 获得3个三元组
[2026-05-14 18:45:00] [INFO] 片段1/1抽取完成, 获得3个三元组
[2026-05-14 18:45:00] [INFO] 多技术融合抽取完成, 去重后共3个三元组, 统计: {'rule': 0, 'template': 3}
[2026-05-14 18:45:00] [INFO] 文本分片: 1个片段
[2026-05-14 18:45:00] [INFO] 规则抽取完成, 获得1个三元组
[2026-05-14 18:45:00] [INFO] 模板抽取完成, 获得2个三元组
[2026-05-14 18:45:00] [INFO] 片段1/1抽取完成, 获得3个三元组
[2026-05-14 18:45:00] [INFO] 多技术融合抽取完成, 去重后共3个三元组, 统计: {'rule': 1, 'template': 2}
[2026-05-14 18:46:39] [INFO] 文本分片: 1个片段
[2026-05-14 18:46:39] [INFO] 规则抽取完成, 获得3个三元组
[2026-05-14 18:46:39] [INFO] 模板抽取完成, 获得3个三元组
[2026-05-14 18:46:39] [INFO] 片段1/1抽取完成, 获得3个三元组
[2026-05-14 18:46:39] [INFO] 多技术融合抽取完成, 去重后共3个三元组, 统计: {'rule': 3, 'template': 3}
[2026-05-14 18:46:39] [INFO] 文本分片: 1个片段
[2026-05-14 18:46:39] [INFO] 规则抽取完成, 获得2个三元组
[2026-05-14 18:46:39] [INFO] 模板抽取完成, 获得2个三元组
[2026-05-14 18:46:39] [INFO] 片段1/1抽取完成, 获得3个三元组
[2026-05-14 18:46:39] [INFO] 多技术融合抽取完成, 去重后共3个三元组, 统计: {'rule': 2, 'template': 2}
[2026-05-14 18:46:39] [INFO] 文本分片: 1个片段
[2026-05-14 18:46:39] [INFO] 规则抽取完成, 获得1个三元组
[2026-05-14 18:46:39] [INFO] 模板抽取完成, 获得0个三元组
[2026-05-14 18:46:39] [INFO] 片段1/1抽取完成, 获得1个三元组
[2026-05-14 18:46:39] [INFO] 多技术融合抽取完成, 去重后共1个三元组, 统计: {'rule': 1, 'template': 0}
[2026-05-14 18:52:06] [INFO] 文本分片: 1个片段
[2026-05-14 18:52:06] [INFO] 规则抽取完成, 获得4个三元组
[2026-05-14 18:52:06] [INFO] 模板抽取完成, 获得3个三元组
[2026-05-14 18:52:06] [INFO] 片段1/1抽取完成, 获得3个三元组
[2026-05-14 18:52:06] [INFO] 多技术融合抽取完成, 去重后共3个三元组, 统计: {'rule': 4, 'template': 3}
[2026-05-14 18:52:06] [INFO] 文本分片: 1个片段
[2026-05-14 18:52:06] [INFO] 规则抽取完成, 获得2个三元组
[2026-05-14 18:52:06] [INFO] 模板抽取完成, 获得2个三元组
[2026-05-14 18:52:06] [INFO] 片段1/1抽取完成, 获得3个三元组
[2026-05-14 18:52:06] [INFO] 多技术融合抽取完成, 去重后共3个三元组, 统计: {'rule': 2, 'template': 2}
[2026-05-14 18:52:06] [INFO] 文本分片: 1个片段
[2026-05-14 18:52:06] [INFO] 规则抽取完成, 获得1个三元组
[2026-05-14 18:52:06] [INFO] 模板抽取完成, 获得0个三元组
[2026-05-14 18:52:06] [INFO] 片段1/1抽取完成, 获得1个三元组
[2026-05-14 18:52:06] [INFO] 多技术融合抽取完成, 去重后共1个三元组, 统计: {'rule': 1, 'template': 0}
[2026-05-14 18:54:27] [INFO] 文本分片: 1个片段
[2026-05-14 18:54:27] [INFO] 规则抽取完成, 获得4个三元组
[2026-05-14 18:54:27] [INFO] 模板抽取完成, 获得3个三元组
[2026-05-14 18:54:27] [INFO] 片段1/1抽取完成, 获得3个三元组
[2026-05-14 18:54:27] [INFO] 多技术融合抽取完成, 去重后共3个三元组, 统计: {'rule': 4, 'template': 3}
[2026-05-14 18:54:27] [INFO] 文本分片: 1个片段
[2026-05-14 18:54:27] [INFO] 规则抽取完成, 获得0个三元组
[2026-05-14 18:54:27] [INFO] 模板抽取完成, 获得0个三元组
[2026-05-14 18:54:27] [INFO] 片段1/1抽取完成, 获得0个三元组
[2026-05-14 18:54:27] [INFO] 多技术融合抽取完成, 去重后共0个三元组, 统计: {'rule': 0, 'template': 0}
[2026-05-14 18:56:29] [INFO] 文本分片: 1个片段
[2026-05-14 18:56:29] [INFO] 规则抽取完成, 获得4个三元组
[2026-05-14 18:56:29] [INFO] 模板抽取完成, 获得3个三元组
[2026-05-14 18:56:29] [INFO] 片段1/1抽取完成, 获得3个三元组
[2026-05-14 18:56:29] [INFO] 多技术融合抽取完成, 去重后共3个三元组, 统计: {'rule': 4, 'template': 3}
[2026-05-14 18:56:29] [INFO] 文本分片: 1个片段
[2026-05-14 18:56:29] [INFO] 规则抽取完成, 获得2个三元组
[2026-05-14 18:56:29] [INFO] 模板抽取完成, 获得2个三元组
[2026-05-14 18:56:29] [INFO] 片段1/1抽取完成, 获得3个三元组
[2026-05-14 18:56:29] [INFO] 多技术融合抽取完成, 去重后共3个三元组, 统计: {'rule': 2, 'template': 2}
[2026-05-14 18:56:29] [INFO] 文本分片: 1个片段
[2026-05-14 18:56:29] [INFO] 规则抽取完成, 获得1个三元组
[2026-05-14 18:56:29] [INFO] 模板抽取完成, 获得1个三元组
[2026-05-14 18:56:29] [INFO] 片段1/1抽取完成, 获得1个三元组
[2026-05-14 18:56:29] [INFO] 多技术融合抽取完成, 去重后共1个三元组, 统计: {'rule': 1, 'template': 1}
[2026-05-14 18:56:29] [INFO] CSV写入完成: d:\python1.0\Knowledge_graph\data\triplets.csv, 共7条记录
[2026-05-14 18:56:29] [INFO] CQL脚本生成完成: d:\python1.0\Knowledge_graph\data\import_cypher.cql, 共7条语句
[2026-05-14 18:56:49] [INFO] 规则抽取完成, 获得1个三元组
[2026-05-14 18:56:49] [INFO] 模板抽取完成, 获得1个三元组
[2026-05-14 18:59:26] [INFO] 文本分片: 1个片段
[2026-05-14 18:59:26] [INFO] 规则抽取完成, 获得4个三元组
[2026-05-14 18:59:26] [INFO] 模板抽取完成, 获得3个三元组
[2026-05-14 18:59:26] [INFO] 片段1/1抽取完成, 获得3个三元组
[2026-05-14 18:59:26] [INFO] 多技术融合抽取完成, 去重后共3个三元组, 统计: {'rule': 4, 'template': 3}
[2026-05-14 18:59:26] [INFO] 文本分片: 1个片段
[2026-05-14 18:59:26] [INFO] 规则抽取完成, 获得2个三元组
[2026-05-14 18:59:26] [INFO] 模板抽取完成, 获得2个三元组
[2026-05-14 18:59:26] [INFO] 片段1/1抽取完成, 获得3个三元组
[2026-05-14 18:59:26] [INFO] 多技术融合抽取完成, 去重后共3个三元组, 统计: {'rule': 2, 'template': 2}
[2026-05-14 18:59:26] [INFO] 文本分片: 1个片段
[2026-05-14 18:59:26] [INFO] 规则抽取完成, 获得1个三元组
[2026-05-14 18:59:26] [INFO] 模板抽取完成, 获得2个三元组
[2026-05-14 18:59:26] [INFO] 片段1/1抽取完成, 获得2个三元组
[2026-05-14 18:59:26] [INFO] 多技术融合抽取完成, 去重后共2个三元组, 统计: {'rule': 1, 'template': 2}
[2026-05-14 18:59:26] [INFO] CSV写入完成: d:\python1.0\Knowledge_graph\data\triplets.csv, 共8条记录
[2026-05-14 18:59:26] [INFO] CQL脚本生成完成: d:\python1.0\Knowledge_graph\data\import_cypher.cql, 共8条语句
[2026-05-14 19:04:33] [ERROR] neo4j库未安装, 请执行: pip install neo4j
[2026-05-14 19:04:41] [ERROR] neo4j库未安装, 请执行: pip install neo4j
[2026-05-14 19:04:50] [ERROR] neo4j库未安装, 请执行: pip install neo4j
[2026-05-14 19:04:50] [INFO] CQL脚本生成完成: D:\python1.0\Knowledge_graph\data\import_cypher.cql, 共8条语句
[2026-05-14 19:04:54] [ERROR] neo4j库未安装, 请执行: pip install neo4j
[2026-05-14 19:04:56] [ERROR] neo4j库未安装, 请执行: pip install neo4j
[2026-05-14 19:24:25] [ERROR] neo4j库未安装, 请执行: pip install neo4j
[2026-05-14 19:24:44] [ERROR] neo4j库未安装, 请执行: pip install neo4j
[2026-05-14 19:24:44] [INFO] CQL脚本生成完成: D:\python1.0\Knowledge_graph\data\import_cypher.cql, 共8条语句
[2026-05-14 19:24:45] [ERROR] neo4j库未安装, 请执行: pip install neo4j
[2026-05-14 19:24:45] [ERROR] neo4j库未安装, 请执行: pip install neo4j
[2026-05-14 19:25:40] [ERROR] neo4j库未安装, 请执行: pip install neo4j
[2026-05-14 19:26:48] [INFO] CQL脚本生成完成: D:\python1.0\Knowledge_graph\data\import_cypher.cql, 共8条语句
[2026-05-14 19:26:57] [ERROR] neo4j库未安装, 请执行: pip install neo4j
[2026-05-14 19:26:57] [INFO] CQL脚本生成完成: D:\python1.0\Knowledge_graph\data\import_cypher.cql, 共8条语句
[2026-05-14 19:37:37] [ERROR] Neo4j连接失败: Couldn't connect to localhost:7687 (resolved to ('[::1]:7687', '127.0.0.1:7687')):
Failed to establish connection to ResolvedIPv6Address(('::1', 7687, 0, 0)) (reason [WinError 10061] 由于目标计算机积极拒绝，无法连接。)
Failed to establish connection to ResolvedIPv4Address(('127.0.0.1', 7687)) (reason [WinError 10061] 由于目标计算机积极拒绝，无法连接。)
